{"/Users/sergizamora/Git/tailwind-section-creator/src/domain/utilities.ts": {"path":"/Users/sergizamora/Git/tailwind-section-creator/src/domain/utilities.ts","statementMap":{"0":{"start":{"line":18,"column":24},"end":{"line":32,"column":1}},"1":{"start":{"line":34,"column":29},"end":{"line":40,"column":1}},"2":{"start":{"line":35,"column":29},"end":{"line":35,"column":31}},"3":{"start":{"line":36,"column":2},"end":{"line":38,"column":3}},"4":{"start":{"line":36,"column":19},"end":{"line":36,"column":22}},"5":{"start":{"line":37,"column":4},"end":{"line":37,"column":34}},"6":{"start":{"line":39,"column":2},"end":{"line":39,"column":15}},"7":{"start":{"line":42,"column":27},"end":{"line":54,"column":1}},"8":{"start":{"line":47,"column":29},"end":{"line":47,"column":31}},"9":{"start":{"line":48,"column":19},"end":{"line":48,"column":47}},"10":{"start":{"line":49,"column":19},"end":{"line":49,"column":47}},"11":{"start":{"line":50,"column":2},"end":{"line":52,"column":3}},"12":{"start":{"line":50,"column":19},"end":{"line":50,"column":27}},"13":{"start":{"line":51,"column":4},"end":{"line":51,"column":51}},"14":{"start":{"line":53,"column":2},"end":{"line":53,"column":15}}},"fnMap":{"0":{"name":"(anonymous_0)","decl":{"start":{"line":34,"column":29},"end":{"line":34,"column":30}},"loc":{"start":{"line":34,"column":85},"end":{"line":40,"column":1}},"line":34},"1":{"name":"(anonymous_1)","decl":{"start":{"line":42,"column":27},"end":{"line":42,"column":28}},"loc":{"start":{"line":46,"column":18},"end":{"line":54,"column":1}},"line":46}},"branchMap":{},"s":{"0":1,"1":1,"2":1,"3":1,"4":1,"5":3,"6":1,"7":1,"8":2,"9":2,"10":2,"11":2,"12":2,"13":16,"14":2},"f":{"0":1,"1":2},"b":{},"_coverageSchema":"1a1c01bbd47fc00a2c39e90264f33305004495a9","hash":"0cabdd4ae3837bb3f0b217b9cbd885784f6178f5"}
}
